#
# There is insufficient memory for the Java Runtime Environment to continue.
# Native memory allocation (mmap) failed to map 536870912 bytes for G1 virtual space
# Possible reasons:
#   The system is out of physical RAM or swap space
#   The process is running with CompressedOops enabled, and the Java Heap may be blocking the growth of the native heap
# Possible solutions:
#   Reduce memory load on the system
#   Increase physical memory or swap space
#   Check if swap backing store is full
#   Decrease Java heap size (-Xmx/-Xms)
#   Decrease number of Java threads
#   Decrease Java thread stack sizes (-Xss)
#   Set larger code cache with -XX:ReservedCodeCacheSize=
#   JVM is running with Zero Based Compressed Oops mode in which the Java heap is
#     placed in the first 32GB address space. The Java Heap base address is the
#     maximum limit for the native heap growth. Please use -XX:HeapBaseMinAddress
#     to set the Java Heap base and to place the Java Heap above 32GB virtual address.
# This output file may be truncated or incomplete.
#
#  Out of Memory Error (os_windows.cpp:3617), pid=27348, tid=4444
#
# JRE version:  (17.0.8+7) (build )
# Java VM: OpenJDK 64-Bit Server VM (17.0.8+7, mixed mode, sharing, tiered, compressed oops, compressed class ptrs, g1 gc, windows-amd64)
# No core dump will be written. Minidumps are not enabled by default on client versions of Windows
#

---------------  S U M M A R Y ------------

Command Line: -Dfile.encoding=UTF-8 -XX:+ShowCodeDetailsInExceptionMessages crossword.Main

Host: AMD Ryzen 7 3700X 8-Core Processor             , 16 cores, 31G,  Windows 10 , 64 bit Build 19041 (10.0.19041.3636)
Time: Fri Jun  7 20:20:38 2024 Pacific Daylight Time elapsed time: 0.516253 seconds (0d 0h 0m 0s)

---------------  T H R E A D  ---------------

Current thread (0x000001b63b0d4a60):  JavaThread "Unknown thread" [_thread_in_vm, id=4444, stack(0x00000073b8000000,0x00000073b8100000)]

Stack: [0x00000073b8000000,0x00000073b8100000]
Native frames: (J=compiled Java code, j=interpreted, Vv=VM code, C=native code)
V  [jvm.dll+0x678b0a]
V  [jvm.dll+0x835e84]
V  [jvm.dll+0x83762e]
V  [jvm.dll+0x837c93]
V  [jvm.dll+0x24746f]
V  [jvm.dll+0x675859]
V  [jvm.dll+0x66a0ea]
V  [jvm.dll+0x306c7b]
V  [jvm.dll+0x30e166]
V  [jvm.dll+0x35dd3e]
V  [jvm.dll+0x35df6f]
V  [jvm.dll+0x2ddb48]
V  [jvm.dll+0x2deab4]
V  [jvm.dll+0x807f31]
V  [jvm.dll+0x36bb21]
V  [jvm.dll+0x7e733c]
V  [jvm.dll+0x3ee4af]
V  [jvm.dll+0x3f00c1]
C  [jli.dll+0x528b]
C  [ucrtbase.dll+0x21bb2]
C  [KERNEL32.DLL+0x17344]
C  [ntdll.dll+0x526b1]


---------------  P R O C E S S  ---------------

Threads class SMR info:
_java_thread_list=0x00007ffc99cba018, length=0, elements={
}

Java Threads: ( => current thread )

Other Threads:
  0x000001b63b17ddf0 GCTaskThread "GC Thread#0" [stack: 0x00000073b8100000,0x00000073b8200000] [id=16028]
  0x000001b63b18ecc0 ConcurrentGCThread "G1 Main Marker" [stack: 0x00000073b8200000,0x00000073b8300000] [id=35504]
  0x000001b665491370 ConcurrentGCThread "G1 Conc#0" [stack: 0x00000073b8300000,0x00000073b8400000] [id=4364]

[error occurred during error reporting (printing all threads), id 0xc0000005, EXCEPTION_ACCESS_VIOLATION (0xc0000005) at pc=0x00007ffc9948e587]

VM state: not at safepoint (not fully initialized)

VM Mutex/Monitor currently owned by a thread:  ([mutex/lock_event])
[0x000001b63b0cdf90] Heap_lock - owner thread: 0x000001b63b0d4a60

Heap address: 0x0000000601000000, size: 8176 MB, Compressed Oops mode: Zero based, Oop shift amount: 3

CDS archive(s) mapped at: [0x0000000000000000-0x0000000000000000-0x0000000000000000), size 0, SharedBaseAddress: 0x0000000800000000, ArchiveRelocationMode: 1.
Narrow klass base: 0x0000000000000000, Narrow klass shift: 0, Narrow klass range: 0x0

GC Precious Log:
<Empty>

Heap:
 garbage-first heap   total 0K, used 0K [0x0000000601000000, 0x0000000800000000)
  region size 4096K, 0 young (0K), 0 survivors (0K)

[error occurred during error reporting (printing heap information), id 0xc0000005, EXCEPTION_ACCESS_VIOLATION (0xc0000005) at pc=0x00007ffc99872699]

GC Heap History (0 events):
No events

Dll operation events (1 events):
Event: 0.033 Loaded shared library C:\Program Files\Eclipse Adoptium\jdk-17.0.8.7-hotspot\bin\java.dll

Deoptimization events (0 events):
No events

Classes unloaded (0 events):
No events

Classes redefined (0 events):
No events

Internal exceptions (0 events):
No events

VM Operations (0 events):
No events

Events (0 events):
No events


Dynamic libraries:
0x00007ff6fb4c0000 - 0x00007ff6fb4ce000 	C:\Program Files\Eclipse Adoptium\jdk-17.0.8.7-hotspot\bin\javaw.exe
0x00007ffcdcdb0000 - 0x00007ffcdcfa8000 	C:\WINDOWS\SYSTEM32\ntdll.dll
0x00007ffcdb080000 - 0x00007ffcdb13d000 	C:\WINDOWS\System32\KERNEL32.DLL
0x00007ffcda760000 - 0x00007ffcdaa56000 	C:\WINDOWS\System32\KERNELBASE.dll
0x00007ffcdab10000 - 0x00007ffcdac10000 	C:\WINDOWS\System32\ucrtbase.dll
0x00007ffcd4b30000 - 0x00007ffcd4b49000 	C:\Program Files\Eclipse Adoptium\jdk-17.0.8.7-hotspot\bin\VCRUNTIME140.dll
0x00007ffcd4b50000 - 0x00007ffcd4b67000 	C:\Program Files\Eclipse Adoptium\jdk-17.0.8.7-hotspot\bin\jli.dll
0x00007ffcdc4a0000 - 0x00007ffcdc63f000 	C:\WINDOWS\System32\USER32.dll
0x00007ffcd9820000 - 0x00007ffcd9aba000 	C:\WINDOWS\WinSxS\amd64_microsoft.windows.common-controls_6595b64144ccf1df_6.0.19041.4355_none_60b8b9eb71f62e16\COMCTL32.dll
0x00007ffcdad20000 - 0x00007ffcdad42000 	C:\WINDOWS\System32\win32u.dll
0x00007ffcdb3d0000 - 0x00007ffcdb46e000 	C:\WINDOWS\System32\msvcrt.dll
0x00007ffcdade0000 - 0x00007ffcdae0b000 	C:\WINDOWS\System32\GDI32.dll
0x00007ffcda610000 - 0x00007ffcda727000 	C:\WINDOWS\System32\gdi32full.dll
0x00007ffcdac10000 - 0x00007ffcdacad000 	C:\WINDOWS\System32\msvcp_win.dll
0x00007ffcdafc0000 - 0x00007ffcdaff2000 	C:\WINDOWS\System32\IMM32.DLL
0x00007ffcd4bd0000 - 0x00007ffcd4bdc000 	C:\Program Files\Eclipse Adoptium\jdk-17.0.8.7-hotspot\bin\vcruntime140_1.dll
0x00007ffca0910000 - 0x00007ffca09a1000 	C:\Program Files\Eclipse Adoptium\jdk-17.0.8.7-hotspot\bin\msvcp140.dll
0x00007ffc991a0000 - 0x00007ffc99dec000 	C:\Program Files\Eclipse Adoptium\jdk-17.0.8.7-hotspot\bin\server\jvm.dll
0x00007ffcdbaa0000 - 0x00007ffcdbb50000 	C:\WINDOWS\System32\ADVAPI32.dll
0x00007ffcdc640000 - 0x00007ffcdc6e0000 	C:\WINDOWS\System32\sechost.dll
0x00007ffcdae90000 - 0x00007ffcdafb3000 	C:\WINDOWS\System32\RPCRT4.dll
0x00007ffcda730000 - 0x00007ffcda757000 	C:\WINDOWS\System32\bcrypt.dll
0x00007ffcbc910000 - 0x00007ffcbc919000 	C:\WINDOWS\SYSTEM32\WSOCK32.dll
0x00007ffcda050000 - 0x00007ffcda09b000 	C:\WINDOWS\SYSTEM32\POWRPROF.dll
0x00007ffccefe0000 - 0x00007ffccf007000 	C:\WINDOWS\SYSTEM32\WINMM.dll
0x00007ffcd0420000 - 0x00007ffcd042a000 	C:\WINDOWS\SYSTEM32\VERSION.dll
0x00007ffcdb140000 - 0x00007ffcdb1ab000 	C:\WINDOWS\System32\WS2_32.dll
0x00007ffcd9bb0000 - 0x00007ffcd9bc2000 	C:\WINDOWS\SYSTEM32\UMPDC.dll
0x00007ffcd7f30000 - 0x00007ffcd7f42000 	C:\WINDOWS\SYSTEM32\kernel.appcore.dll
0x00007ffcd4b20000 - 0x00007ffcd4b2a000 	C:\Program Files\Eclipse Adoptium\jdk-17.0.8.7-hotspot\bin\jimage.dll
0x00007ffcd9e60000 - 0x00007ffcda044000 	C:\WINDOWS\SYSTEM32\DBGHELP.DLL
0x00007ffcd9da0000 - 0x00007ffcd9dd4000 	C:\WINDOWS\SYSTEM32\dbgcore.DLL
0x00007ffcdad50000 - 0x00007ffcdadd2000 	C:\WINDOWS\System32\bcryptPrimitives.dll
0x00007ffcd4af0000 - 0x00007ffcd4b15000 	C:\Program Files\Eclipse Adoptium\jdk-17.0.8.7-hotspot\bin\java.dll

dbghelp: loaded successfully - version: 4.0.5 - missing functions: none
symbol engine: initialized successfully - sym options: 0x614 - pdb path: .;C:\Program Files\Eclipse Adoptium\jdk-17.0.8.7-hotspot\bin;C:\WINDOWS\SYSTEM32;C:\WINDOWS\WinSxS\amd64_microsoft.windows.common-controls_6595b64144ccf1df_6.0.19041.4355_none_60b8b9eb71f62e16;C:\Program Files\Eclipse Adoptium\jdk-17.0.8.7-hotspot\bin\server

VM Arguments:
jvm_args: -Dfile.encoding=UTF-8 -XX:+ShowCodeDetailsInExceptionMessages 
java_command: crossword.Main
java_class_path (initial): C:\Users\Bogdi\git\crossword\bin
Launcher Type: SUN_STANDARD

[Global flags]
     intx CICompilerCount                          = 12                                        {product} {ergonomic}
     uint ConcGCThreads                            = 3                                         {product} {ergonomic}
     uint G1ConcRefinementThreads                  = 13                                        {product} {ergonomic}
   size_t G1HeapRegionSize                         = 4194304                                   {product} {ergonomic}
    uintx GCDrainStackTargetSize                   = 64                                        {product} {ergonomic}
   size_t InitialHeapSize                          = 536870912                                 {product} {ergonomic}
   size_t MarkStackSize                            = 4194304                                   {product} {ergonomic}
   size_t MaxHeapSize                              = 8573157376                                {product} {ergonomic}
   size_t MinHeapDeltaBytes                        = 4194304                                   {product} {ergonomic}
   size_t MinHeapSize                              = 8388608                                   {product} {ergonomic}
    uintx NonNMethodCodeHeapSize                   = 7602480                                {pd product} {ergonomic}
    uintx NonProfiledCodeHeapSize                  = 122027880                              {pd product} {ergonomic}
    uintx ProfiledCodeHeapSize                     = 122027880                              {pd product} {ergonomic}
    uintx ReservedCodeCacheSize                    = 251658240                              {pd product} {ergonomic}
     bool SegmentedCodeCache                       = true                                      {product} {ergonomic}
     bool ShowCodeDetailsInExceptionMessages       = true                                   {manageable} {command line}
   size_t SoftMaxHeapSize                          = 8573157376                             {manageable} {ergonomic}
     bool UseCompressedClassPointers               = true                           {product lp64_product} {ergonomic}
     bool UseCompressedOops                        = true                           {product lp64_product} {ergonomic}
     bool UseG1GC                                  = true                                      {product} {ergonomic}
     bool UseLargePagesIndividualAllocation        = false                                  {pd product} {ergonomic}

Logging:
Log output configuration:
 #0: stdout all=warning uptime,level,tags
 #1: stderr all=off uptime,level,tags

Environment Variables:
JAVA_HOME=C:\Program Files\Eclipse Adoptium\jdk-17.0.8.7-hotspot\
PATH=C:\Program Files\Common Files\Oracle\Java\javapath;C:\Program Files\Eclipse Adoptium\jdk-17.0.8.7-hotspot\bin;C:\Program Files (x86)\Common Files\Oracle\Java\javapath;C:\Program Files (x86)\Microsoft Visual Studio\Shared\Python36_64\Scripts\;C:\Program Files (x86)\Microsoft Visual Studio\Shared\Python36_64\;C:\Program Files\Microsoft MPI\Bin\;C:\ProgramData\Oracle\Java\javapath;C:\Program Files (x86)\Intel\iCLS Client\;C:\Program Files\Intel\iCLS Client\;C:\Windows\system32;C:\Windows;C:\Windows\System32\Wbem;C:\Windows\System32\WindowsPowerShell\v1.0\;C:\Program Files (x86)\Intel\Intel(R) Management Engine Components\DAL;C:\Program Files\Intel\Intel(R) Management Engine Components\DAL;C:\Program Files (x86)\Intel\Intel(R) Management Engine Components\IPT;C:\Program Files\Intel\Intel(R) Management Engine Components\IPT;C:\WINDOWS\system32;C:\WINDOWS;C:\WINDOWS\System32\Wbem;C:\WINDOWS\System32\WindowsPowerShell\v1.0\;C:\Program Files (x86)\GtkSharp\2.12\bin;C:\Program Files (x86)\Common Files\Acronis\SnapAPI\;C:\Program Files\dotnet\;C:\Program Files (x86)\nodejs\;C:\Program Files\Microsoft SQL Server\130\Tools\Binn\;C:\WINDOWS\System32\OpenSSH\;C:\Program Files\NVIDIA Corporation\NVIDIA NvDLISR;C:\Program Files\Microsoft SQL Server\Client SDK\ODBC\170\Tools\Binn\;C:\Program Files\Intel\WiFi\bin\;C:\Program Files\Common Files\Intel\WirelessCommon\;C:\WINDOWS\system32;C:\WINDOWS;C:\WINDOWS\System32\Wbem;C:\WINDOWS\System32\WindowsPowerShell\v1.0\;C:\WINDOWS\System32\OpenSSH\;C:\Program Files (x86)\NVIDIA Corporation\PhysX\Common;C:\Users\Bogdi\AppData\Local\Programs\Python\Python310\Scripts\;C:\Users\Bogdi\AppData\Local\Programs\Python\Python310\;C:\Users\Bogdi\AppData\Local\Microsoft\WindowsApps;C:\Users\Bogdi\AppData\Local\Programs\Fiddler;C:\Users\Bogdi\AppData\Local\Microsoft\WindowsApps;C:\Users\Bogdi\AppData\Local\GitHubDesktop\bin;C:\Users\Bogdi\AppData\Local\Programs\Microsoft VS Code\bin;C:\Users\Bogdi\AppData\Local\Programs\Git\cmd
USERNAME=Bogdi
OS=Windows_NT
PROCESSOR_IDENTIFIER=AMD64 Family 23 Model 113 Stepping 0, AuthenticAMD
TMP=C:\Users\Bogdi\AppData\Local\Temp
TEMP=C:\Users\Bogdi\AppData\Local\Temp



---------------  S Y S T E M  ---------------

OS:
 Windows 10 , 64 bit Build 19041 (10.0.19041.3636)
OS uptime: 2 days 5:36 hours
Hyper-V role detected

CPU: total 16 (initial active 16) (16 cores per cpu, 2 threads per core) family 23 model 113 stepping 0 microcode 0x0, cx8, cmov, fxsr, ht, mmx, 3dnowpref, sse, sse2, sse3, ssse3, sse4a, sse4.1, sse4.2, popcnt, lzcnt, tsc, tscinvbit, avx, avx2, aes, clmul, bmi1, bmi2, adx, sha, fma, vzeroupper, clflush, clflushopt, hv
Processor Information for all 16 processors :
  Max Mhz: 3593, Current Mhz: 3593, Mhz Limit: 3593

Memory: 4k page, system-wide physical 32698M (17702M free)
TotalPageFile size 54597M (AvailPageFile size 419M)
current process WorkingSet (physical memory assigned to process): 11M, peak: 11M
current process commit charge ("private bytes"): 71M, peak: 583M

vm_info: OpenJDK 64-Bit Server VM (17.0.8+7) for windows-amd64 JRE (17.0.8+7), built on Jul 18 2023 21:02:32 by "admin" with MS VC++ 16.7 (VS2019)

END.
